17:17:03 **** Incremental Build of configuration Debug for project Mini_Project_3 ****
make all 
Building file: ../Mini_Project_3.c
Invoking: AVR Compiler
avr-gcc -Wall -g2 -gstabs -O0 -fpack-struct -fshort-enums -ffunction-sections -fdata-sections -std=gnu99 -funsigned-char -funsigned-bitfields -mmcu=atmega16 -DF_CPU=1000000UL -MMD -MP -MF"Mini_Project_3.d" -MT"Mini_Project_3.o" -c -o "Mini_Project_3.o" "../Mini_Project_3.c"
In file included from ../Mini_Project_3.c:18:
c:/winavr-20100110/lib/gcc/../../avr/include/util/delay.h:90:3: warning: #warning "Compiler optimizations disabled; functions from <util/delay.h> won't work as designed"
Finished building: ../Mini_Project_3.c
 
Building file: ../adc.c
Invoking: AVR Compiler
avr-gcc -Wall -g2 -gstabs -O0 -fpack-struct -fshort-enums -ffunction-sections -fdata-sections -std=gnu99 -funsigned-char -funsigned-bitfields -mmcu=atmega16 -DF_CPU=1000000UL -MMD -MP -MF"adc.d" -MT"adc.o" -c -o "adc.o" "../adc.c"
Finished building: ../adc.c
 
Building file: ../dc_motor.c
Invoking: AVR Compiler
avr-gcc -Wall -g2 -gstabs -O0 -fpack-struct -fshort-enums -ffunction-sections -fdata-sections -std=gnu99 -funsigned-char -funsigned-bitfields -mmcu=atmega16 -DF_CPU=1000000UL -MMD -MP -MF"dc_motor.d" -MT"dc_motor.o" -c -o "dc_motor.o" "../dc_motor.c"
Finished building: ../dc_motor.c
 
Building file: ../gpio.c
Invoking: AVR Compiler
avr-gcc -Wall -g2 -gstabs -O0 -fpack-struct -fshort-enums -ffunction-sections -fdata-sections -std=gnu99 -funsigned-char -funsigned-bitfields -mmcu=atmega16 -DF_CPU=1000000UL -MMD -MP -MF"gpio.d" -MT"gpio.o" -c -o "gpio.o" "../gpio.c"
Finished building: ../gpio.c
 
Building file: ../lcd.c
Invoking: AVR Compiler
avr-gcc -Wall -g2 -gstabs -O0 -fpack-struct -fshort-enums -ffunction-sections -fdata-sections -std=gnu99 -funsigned-char -funsigned-bitfields -mmcu=atmega16 -DF_CPU=1000000UL -MMD -MP -MF"lcd.d" -MT"lcd.o" -c -o "lcd.o" "../lcd.c"
In file included from ../lcd.c:13:
c:/winavr-20100110/lib/gcc/../../avr/include/util/delay.h:90:3: warning: #warning "Compiler optimizations disabled; functions from <util/delay.h> won't work as designed"
../lcd.c: In function 'LCD_intgerToString':
../lcd.c:144: warning: implicit declaration of function 'itoa'
Finished building: ../lcd.c
 
Building file: ../lm35_sensor.c
Invoking: AVR Compiler
avr-gcc -Wall -g2 -gstabs -O0 -fpack-struct -fshort-enums -ffunction-sections -fdata-sections -std=gnu99 -funsigned-char -funsigned-bitfields -mmcu=atmega16 -DF_CPU=1000000UL -MMD -MP -MF"lm35_sensor.d" -MT"lm35_sensor.o" -c -o "lm35_sensor.o" "../lm35_sensor.c"
Finished building: ../lm35_sensor.c
 
Building target: Mini_Project_3.elf
Invoking: AVR C Linker
avr-gcc -Wl,-Map,Mini_Project_3.map -mmcu=atmega16 -o "Mini_Project_3.elf"  ./Mini_Project_3.o ./adc.o ./dc_motor.o ./gpio.o ./lcd.o ./lm35_sensor.o   
Finished building target: Mini_Project_3.elf
 
Invoking: AVR Create Extended Listing
avr-objdump -h -S Mini_Project_3.elf  >"Mini_Project_3.lss"
Finished building: Mini_Project_3.lss
 
Invoking: Print Size
avr-size --format=avr --mcu=atmega16 Mini_Project_3.elf
AVR Memory Usage
----------------
Device: atmega16

Program:    9832 bytes (60.0% Full)
(.text + .data + .bootloader)

Data:        294 bytes (28.7% Full)
(.data + .bss + .noinit)


Finished building: sizedummy
 

17:17:05 Build Finished. 0 errors, 3 warnings. (took 2s.247ms)

